{"/Users/chaseknis/Documents/Module 2/to-do-project/src/modules/displayTask.js": {"path":"/Users/chaseknis/Documents/Module 2/to-do-project/src/modules/displayTask.js","statementMap":{"0":{"start":{"line":3,"column":13},"end":{"line":3,"column":27}},"1":{"start":{"line":5,"column":19},"end":{"line":68,"column":1}},"2":{"start":{"line":6,"column":22},"end":{"line":6,"column":58}},"3":{"start":{"line":7,"column":2},"end":{"line":7,"column":32}},"4":{"start":{"line":8,"column":2},"end":{"line":67,"column":3}},"5":{"start":{"line":9,"column":4},"end":{"line":9,"column":40}},"6":{"start":{"line":10,"column":26},"end":{"line":10,"column":54}},"7":{"start":{"line":11,"column":4},"end":{"line":11,"column":41}},"8":{"start":{"line":12,"column":4},"end":{"line":12,"column":43}},"9":{"start":{"line":13,"column":4},"end":{"line":65,"column":7}},"10":{"start":{"line":14,"column":19},"end":{"line":14,"column":47}},"11":{"start":{"line":15,"column":6},"end":{"line":15,"column":30}},"12":{"start":{"line":17,"column":31},"end":{"line":17,"column":60}},"13":{"start":{"line":18,"column":23},"end":{"line":18,"column":54}},"14":{"start":{"line":19,"column":6},"end":{"line":19,"column":33}},"15":{"start":{"line":20,"column":6},"end":{"line":20,"column":31}},"16":{"start":{"line":21,"column":6},"end":{"line":23,"column":7}},"17":{"start":{"line":22,"column":8},"end":{"line":22,"column":37}},"18":{"start":{"line":25,"column":6},"end":{"line":27,"column":8}},"19":{"start":{"line":26,"column":8},"end":{"line":26,"column":54}},"20":{"start":{"line":29,"column":6},"end":{"line":29,"column":45}},"21":{"start":{"line":31,"column":22},"end":{"line":31,"column":49}},"22":{"start":{"line":32,"column":6},"end":{"line":32,"column":38}},"23":{"start":{"line":33,"column":6},"end":{"line":33,"column":42}},"24":{"start":{"line":34,"column":6},"end":{"line":34,"column":44}},"25":{"start":{"line":35,"column":6},"end":{"line":35,"column":41}},"26":{"start":{"line":37,"column":23},"end":{"line":37,"column":50}},"27":{"start":{"line":38,"column":6},"end":{"line":38,"column":46}},"28":{"start":{"line":39,"column":6},"end":{"line":39,"column":33}},"29":{"start":{"line":41,"column":25},"end":{"line":41,"column":52}},"30":{"start":{"line":42,"column":6},"end":{"line":42,"column":43}},"31":{"start":{"line":43,"column":6},"end":{"line":43,"column":30}},"32":{"start":{"line":45,"column":6},"end":{"line":51,"column":8}},"33":{"start":{"line":46,"column":8},"end":{"line":46,"column":41}},"34":{"start":{"line":47,"column":8},"end":{"line":47,"column":47}},"35":{"start":{"line":48,"column":8},"end":{"line":48,"column":37}},"36":{"start":{"line":49,"column":8},"end":{"line":49,"column":37}},"37":{"start":{"line":50,"column":8},"end":{"line":50,"column":40}},"38":{"start":{"line":53,"column":6},"end":{"line":61,"column":9}},"39":{"start":{"line":54,"column":8},"end":{"line":60,"column":9}},"40":{"start":{"line":55,"column":10},"end":{"line":59,"column":11}},"41":{"start":{"line":56,"column":12},"end":{"line":56,"column":25}},"42":{"start":{"line":58,"column":12},"end":{"line":58,"column":45}},"43":{"start":{"line":63,"column":6},"end":{"line":63,"column":33}},"44":{"start":{"line":64,"column":6},"end":{"line":64,"column":18}},"45":{"start":{"line":66,"column":4},"end":{"line":66,"column":43}}},"fnMap":{"0":{"name":"(anonymous_0)","decl":{"start":{"line":5,"column":19},"end":{"line":5,"column":20}},"loc":{"start":{"line":5,"column":25},"end":{"line":68,"column":1}},"line":5},"1":{"name":"(anonymous_1)","decl":{"start":{"line":13,"column":22},"end":{"line":13,"column":23}},"loc":{"start":{"line":13,"column":29},"end":{"line":65,"column":5}},"line":13},"2":{"name":"(anonymous_2)","decl":{"start":{"line":25,"column":25},"end":{"line":25,"column":26}},"loc":{"start":{"line":25,"column":32},"end":{"line":27,"column":7}},"line":25},"3":{"name":"(anonymous_3)","decl":{"start":{"line":45,"column":21},"end":{"line":45,"column":22}},"loc":{"start":{"line":45,"column":27},"end":{"line":51,"column":7}},"line":45},"4":{"name":"(anonymous_4)","decl":{"start":{"line":53,"column":40},"end":{"line":53,"column":41}},"loc":{"start":{"line":53,"column":47},"end":{"line":61,"column":7}},"line":53}},"branchMap":{"0":{"loc":{"start":{"line":8,"column":2},"end":{"line":67,"column":3}},"type":"if","locations":[{"start":{"line":8,"column":2},"end":{"line":67,"column":3}},{"start":{},"end":{}}],"line":8},"1":{"loc":{"start":{"line":21,"column":6},"end":{"line":23,"column":7}},"type":"if","locations":[{"start":{"line":21,"column":6},"end":{"line":23,"column":7}},{"start":{},"end":{}}],"line":21},"2":{"loc":{"start":{"line":54,"column":8},"end":{"line":60,"column":9}},"type":"if","locations":[{"start":{"line":54,"column":8},"end":{"line":60,"column":9}},{"start":{},"end":{}}],"line":54},"3":{"loc":{"start":{"line":55,"column":10},"end":{"line":59,"column":11}},"type":"if","locations":[{"start":{"line":55,"column":10},"end":{"line":59,"column":11}},{"start":{"line":57,"column":17},"end":{"line":59,"column":11}}],"line":55}},"s":{"0":2,"1":2,"2":14,"3":14,"4":14,"5":13,"6":13,"7":13,"8":13,"9":13,"10":19,"11":19,"12":19,"13":19,"14":19,"15":19,"16":19,"17":0,"18":19,"19":0,"20":19,"21":19,"22":19,"23":19,"24":19,"25":19,"26":19,"27":19,"28":19,"29":19,"30":19,"31":19,"32":19,"33":0,"34":0,"35":0,"36":0,"37":0,"38":19,"39":0,"40":0,"41":0,"42":0,"43":19,"44":19,"45":13},"f":{"0":14,"1":19,"2":0,"3":0,"4":0},"b":{"0":[13,1],"1":[0,19],"2":[0,0],"3":[0,0]},"_coverageSchema":"1a1c01bbd47fc00a2c39e90264f33305004495a9","hash":"154e05dbccfa62cacec6d143c6cd27c3ac01cee0"}
,"/Users/chaseknis/Documents/Module 2/to-do-project/src/modules/listClass.js": {"path":"/Users/chaseknis/Documents/Module 2/to-do-project/src/modules/listClass.js","statementMap":{"0":{"start":{"line":2,"column":15},"end":{"line":2,"column":17}},"1":{"start":{"line":5,"column":20},"end":{"line":5,"column":49}},"2":{"start":{"line":6,"column":6},"end":{"line":6,"column":43}},"3":{"start":{"line":10,"column":19},"end":{"line":14,"column":7}},"4":{"start":{"line":15,"column":6},"end":{"line":15,"column":31}},"5":{"start":{"line":16,"column":6},"end":{"line":16,"column":22}},"6":{"start":{"line":20,"column":6},"end":{"line":20,"column":41}},"7":{"start":{"line":21,"column":6},"end":{"line":21,"column":25}},"8":{"start":{"line":22,"column":6},"end":{"line":22,"column":22}},"9":{"start":{"line":26,"column":6},"end":{"line":28,"column":8}},"10":{"start":{"line":32,"column":6},"end":{"line":32,"column":67}},"11":{"start":{"line":33,"column":6},"end":{"line":33,"column":22}},"12":{"start":{"line":37,"column":6},"end":{"line":37,"column":50}},"13":{"start":{"line":38,"column":6},"end":{"line":38,"column":22}},"14":{"start":{"line":42,"column":6},"end":{"line":44,"column":8}},"15":{"start":{"line":43,"column":15},"end":{"line":43,"column":36}},"16":{"start":{"line":45,"column":6},"end":{"line":45,"column":25}},"17":{"start":{"line":46,"column":6},"end":{"line":46,"column":22}},"18":{"start":{"line":50,"column":6},"end":{"line":50,"column":52}},"19":{"start":{"line":51,"column":6},"end":{"line":51,"column":22}},"20":{"start":{"line":55,"column":6},"end":{"line":58,"column":9}},"21":{"start":{"line":56,"column":8},"end":{"line":56,"column":47}},"22":{"start":{"line":57,"column":8},"end":{"line":57,"column":17}}},"fnMap":{"0":{"name":"(anonymous_0)","decl":{"start":{"line":4,"column":4},"end":{"line":4,"column":5}},"loc":{"start":{"line":4,"column":15},"end":{"line":7,"column":5}},"line":4},"1":{"name":"(anonymous_1)","decl":{"start":{"line":9,"column":4},"end":{"line":9,"column":5}},"loc":{"start":{"line":9,"column":25},"end":{"line":17,"column":5}},"line":9},"2":{"name":"(anonymous_2)","decl":{"start":{"line":19,"column":4},"end":{"line":19,"column":5}},"loc":{"start":{"line":19,"column":22},"end":{"line":23,"column":5}},"line":19},"3":{"name":"(anonymous_3)","decl":{"start":{"line":25,"column":4},"end":{"line":25,"column":5}},"loc":{"start":{"line":25,"column":21},"end":{"line":29,"column":5}},"line":25},"4":{"name":"(anonymous_4)","decl":{"start":{"line":31,"column":4},"end":{"line":31,"column":5}},"loc":{"start":{"line":31,"column":31},"end":{"line":34,"column":5}},"line":31},"5":{"name":"(anonymous_5)","decl":{"start":{"line":36,"column":4},"end":{"line":36,"column":5}},"loc":{"start":{"line":36,"column":33},"end":{"line":39,"column":5}},"line":36},"6":{"name":"(anonymous_6)","decl":{"start":{"line":41,"column":4},"end":{"line":41,"column":5}},"loc":{"start":{"line":41,"column":21},"end":{"line":47,"column":5}},"line":41},"7":{"name":"(anonymous_7)","decl":{"start":{"line":43,"column":8},"end":{"line":43,"column":9}},"loc":{"start":{"line":43,"column":15},"end":{"line":43,"column":36}},"line":43},"8":{"name":"(anonymous_8)","decl":{"start":{"line":49,"column":4},"end":{"line":49,"column":5}},"loc":{"start":{"line":49,"column":15},"end":{"line":52,"column":5}},"line":49},"9":{"name":"(anonymous_9)","decl":{"start":{"line":54,"column":4},"end":{"line":54,"column":5}},"loc":{"start":{"line":54,"column":18},"end":{"line":59,"column":5}},"line":54},"10":{"name":"(anonymous_10)","decl":{"start":{"line":55,"column":24},"end":{"line":55,"column":25}},"loc":{"start":{"line":55,"column":31},"end":{"line":58,"column":7}},"line":55}},"branchMap":{},"s":{"0":2,"1":17,"2":17,"3":11,"4":11,"5":11,"6":3,"7":3,"8":3,"9":0,"10":0,"11":0,"12":0,"13":0,"14":0,"15":0,"16":0,"17":0,"18":0,"19":0,"20":3,"21":2,"22":2},"f":{"0":17,"1":11,"2":3,"3":0,"4":0,"5":0,"6":0,"7":0,"8":0,"9":3,"10":2},"b":{},"_coverageSchema":"1a1c01bbd47fc00a2c39e90264f33305004495a9","hash":"e9bbeaeb52cefae1b1945e4785b6c0255c023779"}
,"/Users/chaseknis/Documents/Module 2/to-do-project/src/modules/newTask.js": {"path":"/Users/chaseknis/Documents/Module 2/to-do-project/src/modules/newTask.js","statementMap":{"0":{"start":{"line":3,"column":13},"end":{"line":3,"column":44}},"1":{"start":{"line":5,"column":22},"end":{"line":13,"column":1}},"2":{"start":{"line":6,"column":18},"end":{"line":6,"column":52}},"3":{"start":{"line":7,"column":22},"end":{"line":7,"column":35}},"4":{"start":{"line":8,"column":2},"end":{"line":12,"column":3}},"5":{"start":{"line":9,"column":4},"end":{"line":9,"column":30}},"6":{"start":{"line":10,"column":4},"end":{"line":10,"column":17}},"7":{"start":{"line":11,"column":4},"end":{"line":11,"column":23}}},"fnMap":{"0":{"name":"(anonymous_0)","decl":{"start":{"line":5,"column":22},"end":{"line":5,"column":23}},"loc":{"start":{"line":5,"column":28},"end":{"line":13,"column":1}},"line":5}},"branchMap":{"0":{"loc":{"start":{"line":8,"column":2},"end":{"line":12,"column":3}},"type":"if","locations":[{"start":{"line":8,"column":2},"end":{"line":12,"column":3}},{"start":{},"end":{}}],"line":8}},"s":{"0":2,"1":2,"2":11,"3":11,"4":11,"5":11,"6":11,"7":11},"f":{"0":11},"b":{"0":[11,0]},"_coverageSchema":"1a1c01bbd47fc00a2c39e90264f33305004495a9","hash":"950a07054561161539634831432185a14fc8b884"}
,"/Users/chaseknis/Documents/Module 2/to-do-project/src/modules/removeTask.js": {"path":"/Users/chaseknis/Documents/Module 2/to-do-project/src/modules/removeTask.js","statementMap":{"0":{"start":{"line":3,"column":19},"end":{"line":7,"column":1}},"1":{"start":{"line":4,"column":2},"end":{"line":4,"column":25}},"2":{"start":{"line":5,"column":2},"end":{"line":5,"column":18}},"3":{"start":{"line":6,"column":2},"end":{"line":6,"column":15}}},"fnMap":{"0":{"name":"(anonymous_0)","decl":{"start":{"line":3,"column":19},"end":{"line":3,"column":20}},"loc":{"start":{"line":3,"column":30},"end":{"line":7,"column":1}},"line":3}},"branchMap":{},"s":{"0":1,"1":3,"2":3,"3":3},"f":{"0":3},"b":{},"_coverageSchema":"1a1c01bbd47fc00a2c39e90264f33305004495a9","hash":"cec4882e20133044ffc2f4b45e059416a29d62cd"}
,"/Users/chaseknis/Documents/Module 2/to-do-project/unit test/mocks/documentMock.js": {"path":"/Users/chaseknis/Documents/Module 2/to-do-project/unit test/mocks/documentMock.js","statementMap":{"0":{"start":{"line":1,"column":27},"end":{"line":8,"column":1}},"1":{"start":{"line":2,"column":2},"end":{"line":7,"column":6}}},"fnMap":{"0":{"name":"(anonymous_0)","decl":{"start":{"line":1,"column":27},"end":{"line":1,"column":28}},"loc":{"start":{"line":1,"column":38},"end":{"line":8,"column":1}},"line":1}},"branchMap":{},"s":{"0":3,"1":7},"f":{"0":7},"b":{},"_coverageSchema":"1a1c01bbd47fc00a2c39e90264f33305004495a9","hash":"5b53f977ebe4fc3617aa958be26d2b977c2b1f9b"}
}
