TN:
SF:src/modules/displayTask.js
FN:5,(anonymous_0)
FN:13,(anonymous_1)
FN:25,(anonymous_2)
FN:45,(anonymous_3)
FN:53,(anonymous_4)
FNF:5
FNH:2
FNDA:14,(anonymous_0)
FNDA:19,(anonymous_1)
FNDA:0,(anonymous_2)
FNDA:0,(anonymous_3)
FNDA:0,(anonymous_4)
DA:3,2
DA:5,2
DA:6,14
DA:7,14
DA:8,14
DA:9,13
DA:10,13
DA:11,13
DA:12,13
DA:13,13
DA:14,19
DA:15,19
DA:17,19
DA:18,19
DA:19,19
DA:20,19
DA:21,19
DA:22,0
DA:25,19
DA:26,0
DA:29,19
DA:31,19
DA:32,19
DA:33,19
DA:34,19
DA:35,19
DA:37,19
DA:38,19
DA:39,19
DA:41,19
DA:42,19
DA:43,19
DA:45,19
DA:46,0
DA:47,0
DA:48,0
DA:49,0
DA:50,0
DA:53,19
DA:54,0
DA:55,0
DA:56,0
DA:58,0
DA:63,19
DA:64,19
DA:66,13
LF:46
LH:35
BRDA:8,0,0,13
BRDA:8,0,1,1
BRDA:21,1,0,0
BRDA:21,1,1,19
BRDA:54,2,0,0
BRDA:54,2,1,0
BRDA:55,3,0,0
BRDA:55,3,1,0
BRF:8
BRH:3
end_of_record
TN:
SF:src/modules/listClass.js
FN:4,(anonymous_0)
FN:9,(anonymous_1)
FN:19,(anonymous_2)
FN:25,(anonymous_3)
FN:31,(anonymous_4)
FN:36,(anonymous_5)
FN:41,(anonymous_6)
FN:43,(anonymous_7)
FN:49,(anonymous_8)
FN:54,(anonymous_9)
FN:55,(anonymous_10)
FNF:11
FNH:5
FNDA:17,(anonymous_0)
FNDA:11,(anonymous_1)
FNDA:3,(anonymous_2)
FNDA:0,(anonymous_3)
FNDA:0,(anonymous_4)
FNDA:0,(anonymous_5)
FNDA:0,(anonymous_6)
FNDA:0,(anonymous_7)
FNDA:0,(anonymous_8)
FNDA:3,(anonymous_9)
FNDA:2,(anonymous_10)
DA:2,2
DA:5,17
DA:6,17
DA:10,11
DA:15,11
DA:16,11
DA:20,3
DA:21,3
DA:22,3
DA:26,0
DA:32,0
DA:33,0
DA:37,0
DA:38,0
DA:42,0
DA:43,0
DA:45,0
DA:46,0
DA:50,0
DA:51,0
DA:55,3
DA:56,2
DA:57,2
LF:23
LH:12
BRF:0
BRH:0
end_of_record
TN:
SF:src/modules/newTask.js
FN:5,(anonymous_0)
FNF:1
FNH:1
FNDA:11,(anonymous_0)
DA:3,2
DA:5,2
DA:6,11
DA:7,11
DA:8,11
DA:9,11
DA:10,11
DA:11,11
LF:8
LH:8
BRDA:8,0,0,11
BRDA:8,0,1,0
BRF:2
BRH:1
end_of_record
TN:
SF:src/modules/removeTask.js
FN:3,(anonymous_0)
FNF:1
FNH:1
FNDA:3,(anonymous_0)
DA:3,1
DA:4,3
DA:5,3
DA:6,3
LF:4
LH:4
BRF:0
BRH:0
end_of_record
TN:
SF:unit test/mocks/documentMock.js
FN:1,(anonymous_0)
FNF:1
FNH:1
FNDA:7,(anonymous_0)
DA:1,3
DA:2,7
LF:2
LH:2
BRF:0
BRH:0
end_of_record
